===2018-07-25 09:44:00.802 WARN  org.mybatis.spring.mapper.ClassPathMapperScanner Line:166 - No MyBatis mapper was found in '[com.ect.dao]' package. Please check your configuration.
===2018-07-25 09:44:05.351 WARN  org.springframework.boot.autoconfigure.thymeleaf.ThymeleafAutoConfiguration$DefaultTemplateResolverConfiguration Line:104 - Cannot find template location: classpath:/templates/ (please add some templates or check your Thymeleaf configuration)
===2018-07-25 09:44:05.368 WARN  org.thymeleaf.templatemode.TemplateMode Line:150 - [THYMELEAF][restartedMain] Template Mode 'LEGACYHTML5' is deprecated. Using Template Mode 'HTML' instead.
===2018-07-25 09:46:18.137 WARN  org.mybatis.spring.mapper.ClassPathMapperScanner Line:166 - No MyBatis mapper was found in '[com.ect.dao]' package. Please check your configuration.
===2018-07-25 09:46:25.400 WARN  org.springframework.boot.autoconfigure.thymeleaf.ThymeleafAutoConfiguration$DefaultTemplateResolverConfiguration Line:104 - Cannot find template location: classpath:/templates/ (please add some templates or check your Thymeleaf configuration)
===2018-07-25 09:46:25.414 WARN  org.thymeleaf.templatemode.TemplateMode Line:150 - [THYMELEAF][restartedMain] Template Mode 'LEGACYHTML5' is deprecated. Using Template Mode 'HTML' instead.
===2018-07-25 09:47:06.211 WARN  org.springframework.web.servlet.mvc.method.annotation.ExceptionHandlerExceptionResolver Line:192 - Resolved exception caused by Handler execution: java.lang.IllegalStateException: Optional int parameter 'uid' is present but cannot be translated into a null value due to being declared as a primitive type. Consider declaring it as object wrapper for the corresponding primitive type.
===2018-07-25 09:49:00.026 WARN  org.mybatis.spring.mapper.ClassPathMapperScanner Line:166 - No MyBatis mapper was found in '[com.ect.dao]' package. Please check your configuration.
===2018-07-25 09:49:04.644 WARN  org.springframework.boot.autoconfigure.thymeleaf.ThymeleafAutoConfiguration$DefaultTemplateResolverConfiguration Line:104 - Cannot find template location: classpath:/templates/ (please add some templates or check your Thymeleaf configuration)
===2018-07-25 09:49:04.652 WARN  org.thymeleaf.templatemode.TemplateMode Line:150 - [THYMELEAF][restartedMain] Template Mode 'LEGACYHTML5' is deprecated. Using Template Mode 'HTML' instead.
===2018-07-25 09:49:15.997 WARN  org.springframework.web.servlet.mvc.method.annotation.ExceptionHandlerExceptionResolver Line:192 - Resolved exception caused by Handler execution: java.lang.reflect.UndeclaredThrowableException
===2018-07-25 09:50:48.814 WARN  org.springframework.web.servlet.mvc.method.annotation.ExceptionHandlerExceptionResolver Line:192 - Resolved exception caused by Handler execution: java.lang.reflect.UndeclaredThrowableException
===2018-07-25 09:54:32.444 WARN  org.mybatis.spring.mapper.ClassPathMapperScanner Line:166 - No MyBatis mapper was found in '[com.ect.dao]' package. Please check your configuration.
===2018-07-25 09:54:41.798 WARN  org.springframework.boot.autoconfigure.thymeleaf.ThymeleafAutoConfiguration$DefaultTemplateResolverConfiguration Line:104 - Cannot find template location: classpath:/templates/ (please add some templates or check your Thymeleaf configuration)
===2018-07-25 09:54:41.811 WARN  org.thymeleaf.templatemode.TemplateMode Line:150 - [THYMELEAF][restartedMain] Template Mode 'LEGACYHTML5' is deprecated. Using Template Mode 'HTML' instead.
===2018-07-25 09:56:08.782 WARN  org.mybatis.spring.mapper.ClassPathMapperScanner Line:166 - No MyBatis mapper was found in '[com.ect.dao]' package. Please check your configuration.
===2018-07-25 09:56:16.090 WARN  org.springframework.boot.autoconfigure.thymeleaf.ThymeleafAutoConfiguration$DefaultTemplateResolverConfiguration Line:104 - Cannot find template location: classpath:/templates/ (please add some templates or check your Thymeleaf configuration)
===2018-07-25 09:56:16.096 WARN  org.thymeleaf.templatemode.TemplateMode Line:150 - [THYMELEAF][restartedMain] Template Mode 'LEGACYHTML5' is deprecated. Using Template Mode 'HTML' instead.
===2018-07-25 09:57:31.554 WARN  org.mybatis.spring.mapper.ClassPathMapperScanner Line:166 - No MyBatis mapper was found in '[com.ect.dao]' package. Please check your configuration.
===2018-07-25 09:57:40.340 WARN  org.springframework.boot.autoconfigure.thymeleaf.ThymeleafAutoConfiguration$DefaultTemplateResolverConfiguration Line:104 - Cannot find template location: classpath:/templates/ (please add some templates or check your Thymeleaf configuration)
===2018-07-25 09:57:40.347 WARN  org.thymeleaf.templatemode.TemplateMode Line:150 - [THYMELEAF][restartedMain] Template Mode 'LEGACYHTML5' is deprecated. Using Template Mode 'HTML' instead.
===2018-07-25 09:59:05.225 WARN  org.mybatis.spring.mapper.ClassPathMapperScanner Line:166 - No MyBatis mapper was found in '[com.ect.dao]' package. Please check your configuration.
===2018-07-25 09:59:10.227 WARN  org.springframework.boot.autoconfigure.thymeleaf.ThymeleafAutoConfiguration$DefaultTemplateResolverConfiguration Line:104 - Cannot find template location: classpath:/templates/ (please add some templates or check your Thymeleaf configuration)
===2018-07-25 09:59:10.234 WARN  org.thymeleaf.templatemode.TemplateMode Line:150 - [THYMELEAF][restartedMain] Template Mode 'LEGACYHTML5' is deprecated. Using Template Mode 'HTML' instead.
===2018-07-25 10:04:01.927 WARN  org.mybatis.spring.mapper.ClassPathMapperScanner Line:166 - No MyBatis mapper was found in '[com.ect.dao]' package. Please check your configuration.
===2018-07-25 10:04:06.678 WARN  org.springframework.boot.autoconfigure.thymeleaf.ThymeleafAutoConfiguration$DefaultTemplateResolverConfiguration Line:104 - Cannot find template location: classpath:/templates/ (please add some templates or check your Thymeleaf configuration)
===2018-07-25 10:04:06.683 WARN  org.thymeleaf.templatemode.TemplateMode Line:150 - [THYMELEAF][restartedMain] Template Mode 'LEGACYHTML5' is deprecated. Using Template Mode 'HTML' instead.
===2018-07-25 10:04:18.761 WARN  org.springframework.web.servlet.mvc.method.annotation.ExceptionHandlerExceptionResolver Line:192 - Resolved exception caused by Handler execution: java.lang.reflect.UndeclaredThrowableException
===2018-07-25 10:04:33.636 WARN  org.springframework.web.servlet.mvc.method.annotation.ExceptionHandlerExceptionResolver Line:192 - Resolved exception caused by Handler execution: java.lang.reflect.UndeclaredThrowableException
===2018-07-25 10:05:01.861 WARN  org.springframework.web.servlet.mvc.method.annotation.ExceptionHandlerExceptionResolver Line:192 - Resolved exception caused by Handler execution: java.lang.reflect.UndeclaredThrowableException
===2018-07-25 10:05:18.755 WARN  org.mybatis.spring.mapper.ClassPathMapperScanner Line:166 - No MyBatis mapper was found in '[com.ect.dao]' package. Please check your configuration.
===2018-07-25 10:05:22.906 WARN  org.springframework.boot.autoconfigure.thymeleaf.ThymeleafAutoConfiguration$DefaultTemplateResolverConfiguration Line:104 - Cannot find template location: classpath:/templates/ (please add some templates or check your Thymeleaf configuration)
===2018-07-25 10:05:22.911 WARN  org.thymeleaf.templatemode.TemplateMode Line:150 - [THYMELEAF][restartedMain] Template Mode 'LEGACYHTML5' is deprecated. Using Template Mode 'HTML' instead.
===2018-07-25 10:05:30.418 WARN  org.springframework.web.servlet.mvc.method.annotation.ExceptionHandlerExceptionResolver Line:192 - Resolved exception caused by Handler execution: java.lang.reflect.UndeclaredThrowableException
===2018-07-25 10:06:50.475 WARN  org.mybatis.spring.mapper.ClassPathMapperScanner Line:166 - No MyBatis mapper was found in '[com.ect.dao]' package. Please check your configuration.
===2018-07-25 10:06:54.479 WARN  org.springframework.boot.autoconfigure.thymeleaf.ThymeleafAutoConfiguration$DefaultTemplateResolverConfiguration Line:104 - Cannot find template location: classpath:/templates/ (please add some templates or check your Thymeleaf configuration)
===2018-07-25 10:06:54.485 WARN  org.thymeleaf.templatemode.TemplateMode Line:150 - [THYMELEAF][restartedMain] Template Mode 'LEGACYHTML5' is deprecated. Using Template Mode 'HTML' instead.
===2018-07-25 10:07:35.453 WARN  org.mybatis.spring.mapper.ClassPathMapperScanner Line:166 - No MyBatis mapper was found in '[com.ect.dao]' package. Please check your configuration.
===2018-07-25 10:07:40.229 WARN  org.springframework.boot.autoconfigure.thymeleaf.ThymeleafAutoConfiguration$DefaultTemplateResolverConfiguration Line:104 - Cannot find template location: classpath:/templates/ (please add some templates or check your Thymeleaf configuration)
===2018-07-25 10:07:40.238 WARN  org.thymeleaf.templatemode.TemplateMode Line:150 - [THYMELEAF][restartedMain] Template Mode 'LEGACYHTML5' is deprecated. Using Template Mode 'HTML' instead.
===2018-07-25 10:18:35.925 WARN  org.mybatis.spring.mapper.ClassPathMapperScanner Line:166 - No MyBatis mapper was found in '[com.ect.dao]' package. Please check your configuration.
===2018-07-25 10:18:39.999 WARN  org.springframework.boot.autoconfigure.thymeleaf.ThymeleafAutoConfiguration$DefaultTemplateResolverConfiguration Line:104 - Cannot find template location: classpath:/templates/ (please add some templates or check your Thymeleaf configuration)
===2018-07-25 10:18:40.004 WARN  org.thymeleaf.templatemode.TemplateMode Line:150 - [THYMELEAF][restartedMain] Template Mode 'LEGACYHTML5' is deprecated. Using Template Mode 'HTML' instead.
===2018-07-25 10:20:29.226 WARN  org.mybatis.spring.mapper.ClassPathMapperScanner Line:166 - No MyBatis mapper was found in '[com.ect.dao]' package. Please check your configuration.
===2018-07-25 10:20:33.316 WARN  org.springframework.boot.autoconfigure.thymeleaf.ThymeleafAutoConfiguration$DefaultTemplateResolverConfiguration Line:104 - Cannot find template location: classpath:/templates/ (please add some templates or check your Thymeleaf configuration)
===2018-07-25 10:20:33.321 WARN  org.thymeleaf.templatemode.TemplateMode Line:150 - [THYMELEAF][restartedMain] Template Mode 'LEGACYHTML5' is deprecated. Using Template Mode 'HTML' instead.
===2018-07-25 10:30:11.474 WARN  org.mybatis.spring.mapper.ClassPathMapperScanner Line:166 - No MyBatis mapper was found in '[com.ect.dao]' package. Please check your configuration.
===2018-07-25 10:30:15.470 WARN  org.springframework.boot.autoconfigure.thymeleaf.ThymeleafAutoConfiguration$DefaultTemplateResolverConfiguration Line:104 - Cannot find template location: classpath:/templates/ (please add some templates or check your Thymeleaf configuration)
===2018-07-25 10:30:15.476 WARN  org.thymeleaf.templatemode.TemplateMode Line:150 - [THYMELEAF][restartedMain] Template Mode 'LEGACYHTML5' is deprecated. Using Template Mode 'HTML' instead.
===2018-07-25 10:31:28.313 WARN  org.mybatis.spring.mapper.ClassPathMapperScanner Line:166 - No MyBatis mapper was found in '[com.ect.dao]' package. Please check your configuration.
===2018-07-25 10:31:34.158 WARN  org.springframework.boot.autoconfigure.thymeleaf.ThymeleafAutoConfiguration$DefaultTemplateResolverConfiguration Line:104 - Cannot find template location: classpath:/templates/ (please add some templates or check your Thymeleaf configuration)
===2018-07-25 10:31:34.163 WARN  org.thymeleaf.templatemode.TemplateMode Line:150 - [THYMELEAF][restartedMain] Template Mode 'LEGACYHTML5' is deprecated. Using Template Mode 'HTML' instead.
===2018-07-25 10:37:01.346 WARN  org.mybatis.spring.mapper.ClassPathMapperScanner Line:166 - No MyBatis mapper was found in '[com.ect.dao]' package. Please check your configuration.
===2018-07-25 10:37:07.222 WARN  org.springframework.boot.autoconfigure.thymeleaf.ThymeleafAutoConfiguration$DefaultTemplateResolverConfiguration Line:104 - Cannot find template location: classpath:/templates/ (please add some templates or check your Thymeleaf configuration)
===2018-07-25 10:37:07.229 WARN  org.thymeleaf.templatemode.TemplateMode Line:150 - [THYMELEAF][restartedMain] Template Mode 'LEGACYHTML5' is deprecated. Using Template Mode 'HTML' instead.
===2018-07-25 10:38:27.766 WARN  org.mybatis.spring.mapper.ClassPathMapperScanner Line:166 - No MyBatis mapper was found in '[com.ect.dao]' package. Please check your configuration.
===2018-07-25 10:38:32.922 WARN  org.springframework.boot.autoconfigure.thymeleaf.ThymeleafAutoConfiguration$DefaultTemplateResolverConfiguration Line:104 - Cannot find template location: classpath:/templates/ (please add some templates or check your Thymeleaf configuration)
===2018-07-25 10:38:32.929 WARN  org.thymeleaf.templatemode.TemplateMode Line:150 - [THYMELEAF][restartedMain] Template Mode 'LEGACYHTML5' is deprecated. Using Template Mode 'HTML' instead.
===2018-07-25 10:40:20.412 WARN  org.mybatis.spring.mapper.ClassPathMapperScanner Line:166 - No MyBatis mapper was found in '[com.ect.dao]' package. Please check your configuration.
===2018-07-25 10:40:26.218 WARN  org.springframework.boot.autoconfigure.thymeleaf.ThymeleafAutoConfiguration$DefaultTemplateResolverConfiguration Line:104 - Cannot find template location: classpath:/templates/ (please add some templates or check your Thymeleaf configuration)
===2018-07-25 10:40:26.225 WARN  org.thymeleaf.templatemode.TemplateMode Line:150 - [THYMELEAF][restartedMain] Template Mode 'LEGACYHTML5' is deprecated. Using Template Mode 'HTML' instead.
===2018-07-25 10:41:33.374 WARN  org.mybatis.spring.mapper.ClassPathMapperScanner Line:166 - No MyBatis mapper was found in '[com.ect.dao]' package. Please check your configuration.
===2018-07-25 10:41:38.653 WARN  org.springframework.boot.autoconfigure.thymeleaf.ThymeleafAutoConfiguration$DefaultTemplateResolverConfiguration Line:104 - Cannot find template location: classpath:/templates/ (please add some templates or check your Thymeleaf configuration)
===2018-07-25 10:41:38.661 WARN  org.thymeleaf.templatemode.TemplateMode Line:150 - [THYMELEAF][restartedMain] Template Mode 'LEGACYHTML5' is deprecated. Using Template Mode 'HTML' instead.
===2018-07-25 10:43:38.893 WARN  org.mybatis.spring.mapper.ClassPathMapperScanner Line:166 - No MyBatis mapper was found in '[com.ect.dao]' package. Please check your configuration.
===2018-07-25 10:43:44.043 WARN  org.springframework.boot.autoconfigure.thymeleaf.ThymeleafAutoConfiguration$DefaultTemplateResolverConfiguration Line:104 - Cannot find template location: classpath:/templates/ (please add some templates or check your Thymeleaf configuration)
===2018-07-25 10:43:44.048 WARN  org.thymeleaf.templatemode.TemplateMode Line:150 - [THYMELEAF][restartedMain] Template Mode 'LEGACYHTML5' is deprecated. Using Template Mode 'HTML' instead.
===2018-07-25 10:46:14.298 WARN  org.mybatis.spring.mapper.ClassPathMapperScanner Line:166 - No MyBatis mapper was found in '[com.ect.dao]' package. Please check your configuration.
===2018-07-25 10:46:19.117 WARN  org.springframework.boot.autoconfigure.thymeleaf.ThymeleafAutoConfiguration$DefaultTemplateResolverConfiguration Line:104 - Cannot find template location: classpath:/templates/ (please add some templates or check your Thymeleaf configuration)
===2018-07-25 10:46:19.122 WARN  org.thymeleaf.templatemode.TemplateMode Line:150 - [THYMELEAF][restartedMain] Template Mode 'LEGACYHTML5' is deprecated. Using Template Mode 'HTML' instead.
===2018-07-25 10:50:18.531 WARN  org.mybatis.spring.mapper.ClassPathMapperScanner Line:166 - No MyBatis mapper was found in '[com.ect.dao]' package. Please check your configuration.
===2018-07-25 10:50:23.419 WARN  org.springframework.boot.autoconfigure.thymeleaf.ThymeleafAutoConfiguration$DefaultTemplateResolverConfiguration Line:104 - Cannot find template location: classpath:/templates/ (please add some templates or check your Thymeleaf configuration)
===2018-07-25 10:50:23.424 WARN  org.thymeleaf.templatemode.TemplateMode Line:150 - [THYMELEAF][restartedMain] Template Mode 'LEGACYHTML5' is deprecated. Using Template Mode 'HTML' instead.
===2018-07-25 10:51:00.475 WARN  org.mybatis.spring.mapper.ClassPathMapperScanner Line:166 - No MyBatis mapper was found in '[com.ect.dao]' package. Please check your configuration.
===2018-07-25 10:51:05.281 WARN  org.springframework.boot.autoconfigure.thymeleaf.ThymeleafAutoConfiguration$DefaultTemplateResolverConfiguration Line:104 - Cannot find template location: classpath:/templates/ (please add some templates or check your Thymeleaf configuration)
===2018-07-25 10:51:05.288 WARN  org.thymeleaf.templatemode.TemplateMode Line:150 - [THYMELEAF][restartedMain] Template Mode 'LEGACYHTML5' is deprecated. Using Template Mode 'HTML' instead.
===2018-07-25 10:51:41.569 WARN  org.mybatis.spring.mapper.ClassPathMapperScanner Line:166 - No MyBatis mapper was found in '[com.ect.dao]' package. Please check your configuration.
===2018-07-25 10:51:46.778 WARN  org.springframework.boot.autoconfigure.thymeleaf.ThymeleafAutoConfiguration$DefaultTemplateResolverConfiguration Line:104 - Cannot find template location: classpath:/templates/ (please add some templates or check your Thymeleaf configuration)
===2018-07-25 10:51:46.785 WARN  org.thymeleaf.templatemode.TemplateMode Line:150 - [THYMELEAF][restartedMain] Template Mode 'LEGACYHTML5' is deprecated. Using Template Mode 'HTML' instead.
===2018-07-25 10:52:16.295 WARN  org.mybatis.spring.mapper.ClassPathMapperScanner Line:166 - No MyBatis mapper was found in '[com.ect.dao]' package. Please check your configuration.
===2018-07-25 10:52:21.197 WARN  org.springframework.boot.autoconfigure.thymeleaf.ThymeleafAutoConfiguration$DefaultTemplateResolverConfiguration Line:104 - Cannot find template location: classpath:/templates/ (please add some templates or check your Thymeleaf configuration)
===2018-07-25 10:52:21.205 WARN  org.thymeleaf.templatemode.TemplateMode Line:150 - [THYMELEAF][restartedMain] Template Mode 'LEGACYHTML5' is deprecated. Using Template Mode 'HTML' instead.
===2018-07-25 10:58:18.037 WARN  org.mybatis.spring.mapper.ClassPathMapperScanner Line:166 - No MyBatis mapper was found in '[com.ect.dao]' package. Please check your configuration.
===2018-07-25 10:58:22.947 WARN  org.springframework.boot.autoconfigure.thymeleaf.ThymeleafAutoConfiguration$DefaultTemplateResolverConfiguration Line:104 - Cannot find template location: classpath:/templates/ (please add some templates or check your Thymeleaf configuration)
===2018-07-25 10:58:22.953 WARN  org.thymeleaf.templatemode.TemplateMode Line:150 - [THYMELEAF][restartedMain] Template Mode 'LEGACYHTML5' is deprecated. Using Template Mode 'HTML' instead.
===2018-07-25 10:59:43.790 WARN  org.mybatis.spring.mapper.ClassPathMapperScanner Line:166 - No MyBatis mapper was found in '[com.ect.dao]' package. Please check your configuration.
===2018-07-25 10:59:49.594 WARN  org.springframework.boot.autoconfigure.thymeleaf.ThymeleafAutoConfiguration$DefaultTemplateResolverConfiguration Line:104 - Cannot find template location: classpath:/templates/ (please add some templates or check your Thymeleaf configuration)
===2018-07-25 10:59:49.604 WARN  org.thymeleaf.templatemode.TemplateMode Line:150 - [THYMELEAF][restartedMain] Template Mode 'LEGACYHTML5' is deprecated. Using Template Mode 'HTML' instead.
===2018-07-25 11:02:10.257 WARN  org.mybatis.spring.mapper.ClassPathMapperScanner Line:166 - No MyBatis mapper was found in '[com.ect.dao]' package. Please check your configuration.
===2018-07-25 11:02:15.551 WARN  org.springframework.boot.autoconfigure.thymeleaf.ThymeleafAutoConfiguration$DefaultTemplateResolverConfiguration Line:104 - Cannot find template location: classpath:/templates/ (please add some templates or check your Thymeleaf configuration)
===2018-07-25 11:02:15.560 WARN  org.thymeleaf.templatemode.TemplateMode Line:150 - [THYMELEAF][restartedMain] Template Mode 'LEGACYHTML5' is deprecated. Using Template Mode 'HTML' instead.
===2018-07-25 11:04:43.247 WARN  org.mybatis.spring.mapper.ClassPathMapperScanner Line:166 - No MyBatis mapper was found in '[com.ect.dao]' package. Please check your configuration.
===2018-07-25 11:04:48.553 WARN  org.springframework.boot.autoconfigure.thymeleaf.ThymeleafAutoConfiguration$DefaultTemplateResolverConfiguration Line:104 - Cannot find template location: classpath:/templates/ (please add some templates or check your Thymeleaf configuration)
===2018-07-25 11:04:48.562 WARN  org.thymeleaf.templatemode.TemplateMode Line:150 - [THYMELEAF][restartedMain] Template Mode 'LEGACYHTML5' is deprecated. Using Template Mode 'HTML' instead.
===2018-07-25 11:05:40.995 WARN  org.mybatis.spring.mapper.ClassPathMapperScanner Line:166 - No MyBatis mapper was found in '[com.ect.dao]' package. Please check your configuration.
===2018-07-25 11:05:45.968 WARN  org.springframework.boot.autoconfigure.thymeleaf.ThymeleafAutoConfiguration$DefaultTemplateResolverConfiguration Line:104 - Cannot find template location: classpath:/templates/ (please add some templates or check your Thymeleaf configuration)
===2018-07-25 11:05:45.978 WARN  org.thymeleaf.templatemode.TemplateMode Line:150 - [THYMELEAF][restartedMain] Template Mode 'LEGACYHTML5' is deprecated. Using Template Mode 'HTML' instead.
===2018-07-25 11:06:11.923 WARN  org.mybatis.spring.mapper.ClassPathMapperScanner Line:166 - No MyBatis mapper was found in '[com.ect.dao]' package. Please check your configuration.
===2018-07-25 11:06:16.941 WARN  org.springframework.boot.autoconfigure.thymeleaf.ThymeleafAutoConfiguration$DefaultTemplateResolverConfiguration Line:104 - Cannot find template location: classpath:/templates/ (please add some templates or check your Thymeleaf configuration)
===2018-07-25 11:06:16.948 WARN  org.thymeleaf.templatemode.TemplateMode Line:150 - [THYMELEAF][restartedMain] Template Mode 'LEGACYHTML5' is deprecated. Using Template Mode 'HTML' instead.
===2018-07-25 11:18:56.778 WARN  org.mybatis.spring.mapper.ClassPathMapperScanner Line:166 - No MyBatis mapper was found in '[com.ect.dao]' package. Please check your configuration.
===2018-07-25 11:19:02.865 WARN  org.springframework.boot.autoconfigure.thymeleaf.ThymeleafAutoConfiguration$DefaultTemplateResolverConfiguration Line:104 - Cannot find template location: classpath:/templates/ (please add some templates or check your Thymeleaf configuration)
===2018-07-25 11:19:02.870 WARN  org.thymeleaf.templatemode.TemplateMode Line:150 - [THYMELEAF][restartedMain] Template Mode 'LEGACYHTML5' is deprecated. Using Template Mode 'HTML' instead.
===2018-07-25 11:19:46.472 WARN  org.mybatis.spring.mapper.ClassPathMapperScanner Line:166 - No MyBatis mapper was found in '[com.ect.dao]' package. Please check your configuration.
===2018-07-25 11:19:51.873 WARN  org.springframework.boot.autoconfigure.thymeleaf.ThymeleafAutoConfiguration$DefaultTemplateResolverConfiguration Line:104 - Cannot find template location: classpath:/templates/ (please add some templates or check your Thymeleaf configuration)
===2018-07-25 11:19:51.878 WARN  org.thymeleaf.templatemode.TemplateMode Line:150 - [THYMELEAF][restartedMain] Template Mode 'LEGACYHTML5' is deprecated. Using Template Mode 'HTML' instead.
===2018-07-25 11:20:37.438 WARN  org.mybatis.spring.mapper.ClassPathMapperScanner Line:166 - No MyBatis mapper was found in '[com.ect.dao]' package. Please check your configuration.
===2018-07-25 11:20:42.259 WARN  org.springframework.boot.autoconfigure.thymeleaf.ThymeleafAutoConfiguration$DefaultTemplateResolverConfiguration Line:104 - Cannot find template location: classpath:/templates/ (please add some templates or check your Thymeleaf configuration)
===2018-07-25 11:20:42.264 WARN  org.thymeleaf.templatemode.TemplateMode Line:150 - [THYMELEAF][restartedMain] Template Mode 'LEGACYHTML5' is deprecated. Using Template Mode 'HTML' instead.
===2018-07-25 11:25:05.485 WARN  org.mybatis.spring.mapper.ClassPathMapperScanner Line:166 - No MyBatis mapper was found in '[com.ect.dao]' package. Please check your configuration.
===2018-07-25 11:25:11.777 WARN  org.springframework.boot.autoconfigure.thymeleaf.ThymeleafAutoConfiguration$DefaultTemplateResolverConfiguration Line:104 - Cannot find template location: classpath:/templates/ (please add some templates or check your Thymeleaf configuration)
===2018-07-25 11:25:11.787 WARN  org.thymeleaf.templatemode.TemplateMode Line:150 - [THYMELEAF][restartedMain] Template Mode 'LEGACYHTML5' is deprecated. Using Template Mode 'HTML' instead.
===2018-07-25 11:41:37.359 WARN  org.mybatis.spring.mapper.ClassPathMapperScanner Line:166 - No MyBatis mapper was found in '[com.ect.dao]' package. Please check your configuration.
===2018-07-25 11:41:43.425 WARN  org.springframework.boot.autoconfigure.thymeleaf.ThymeleafAutoConfiguration$DefaultTemplateResolverConfiguration Line:104 - Cannot find template location: classpath:/templates/ (please add some templates or check your Thymeleaf configuration)
===2018-07-25 11:41:43.430 WARN  org.thymeleaf.templatemode.TemplateMode Line:150 - [THYMELEAF][restartedMain] Template Mode 'LEGACYHTML5' is deprecated. Using Template Mode 'HTML' instead.
===2018-07-25 12:04:13.816 WARN  org.springframework.web.servlet.mvc.method.annotation.ExceptionHandlerExceptionResolver Line:192 - Resolved exception caused by Handler execution: java.lang.reflect.UndeclaredThrowableException
===2018-07-25 12:07:13.219 WARN  org.mybatis.spring.mapper.ClassPathMapperScanner Line:166 - No MyBatis mapper was found in '[com.ect.dao]' package. Please check your configuration.
===2018-07-25 12:07:18.975 WARN  org.springframework.boot.autoconfigure.thymeleaf.ThymeleafAutoConfiguration$DefaultTemplateResolverConfiguration Line:104 - Cannot find template location: classpath:/templates/ (please add some templates or check your Thymeleaf configuration)
===2018-07-25 12:07:18.982 WARN  org.thymeleaf.templatemode.TemplateMode Line:150 - [THYMELEAF][restartedMain] Template Mode 'LEGACYHTML5' is deprecated. Using Template Mode 'HTML' instead.
===2018-07-25 12:07:36.587 WARN  org.springframework.web.servlet.mvc.method.annotation.ExceptionHandlerExceptionResolver Line:192 - Resolved exception caused by Handler execution: java.lang.reflect.UndeclaredThrowableException
===2018-07-25 12:09:07.676 WARN  org.mybatis.spring.mapper.ClassPathMapperScanner Line:166 - No MyBatis mapper was found in '[com.ect.dao]' package. Please check your configuration.
===2018-07-25 12:09:13.393 WARN  org.springframework.boot.autoconfigure.thymeleaf.ThymeleafAutoConfiguration$DefaultTemplateResolverConfiguration Line:104 - Cannot find template location: classpath:/templates/ (please add some templates or check your Thymeleaf configuration)
===2018-07-25 12:09:13.399 WARN  org.thymeleaf.templatemode.TemplateMode Line:150 - [THYMELEAF][restartedMain] Template Mode 'LEGACYHTML5' is deprecated. Using Template Mode 'HTML' instead.
===2018-07-25 12:12:09.918 WARN  org.mybatis.spring.mapper.ClassPathMapperScanner Line:166 - No MyBatis mapper was found in '[com.ect.dao]' package. Please check your configuration.
===2018-07-25 12:12:15.802 WARN  org.springframework.boot.autoconfigure.thymeleaf.ThymeleafAutoConfiguration$DefaultTemplateResolverConfiguration Line:104 - Cannot find template location: classpath:/templates/ (please add some templates or check your Thymeleaf configuration)
===2018-07-25 12:12:15.809 WARN  org.thymeleaf.templatemode.TemplateMode Line:150 - [THYMELEAF][restartedMain] Template Mode 'LEGACYHTML5' is deprecated. Using Template Mode 'HTML' instead.
===2018-07-25 12:19:31.637 WARN  org.mybatis.spring.mapper.ClassPathMapperScanner Line:166 - No MyBatis mapper was found in '[com.ect.dao]' package. Please check your configuration.
===2018-07-25 12:19:36.827 WARN  org.springframework.boot.autoconfigure.thymeleaf.ThymeleafAutoConfiguration$DefaultTemplateResolverConfiguration Line:104 - Cannot find template location: classpath:/templates/ (please add some templates or check your Thymeleaf configuration)
===2018-07-25 12:19:36.834 WARN  org.thymeleaf.templatemode.TemplateMode Line:150 - [THYMELEAF][restartedMain] Template Mode 'LEGACYHTML5' is deprecated. Using Template Mode 'HTML' instead.
===2018-07-25 12:20:23.508 WARN  org.mybatis.spring.mapper.ClassPathMapperScanner Line:166 - No MyBatis mapper was found in '[com.ect.dao]' package. Please check your configuration.
===2018-07-25 12:20:28.087 WARN  org.springframework.boot.autoconfigure.thymeleaf.ThymeleafAutoConfiguration$DefaultTemplateResolverConfiguration Line:104 - Cannot find template location: classpath:/templates/ (please add some templates or check your Thymeleaf configuration)
===2018-07-25 12:20:28.092 WARN  org.thymeleaf.templatemode.TemplateMode Line:150 - [THYMELEAF][restartedMain] Template Mode 'LEGACYHTML5' is deprecated. Using Template Mode 'HTML' instead.
===2018-07-25 12:22:12.591 WARN  org.mybatis.spring.mapper.ClassPathMapperScanner Line:166 - No MyBatis mapper was found in '[com.ect.dao]' package. Please check your configuration.
===2018-07-25 12:22:18.900 WARN  org.springframework.boot.autoconfigure.thymeleaf.ThymeleafAutoConfiguration$DefaultTemplateResolverConfiguration Line:104 - Cannot find template location: classpath:/templates/ (please add some templates or check your Thymeleaf configuration)
===2018-07-25 12:22:18.910 WARN  org.thymeleaf.templatemode.TemplateMode Line:150 - [THYMELEAF][restartedMain] Template Mode 'LEGACYHTML5' is deprecated. Using Template Mode 'HTML' instead.
===2018-07-25 12:24:44.652 WARN  org.mybatis.spring.mapper.ClassPathMapperScanner Line:166 - No MyBatis mapper was found in '[com.ect.dao]' package. Please check your configuration.
===2018-07-25 12:24:49.424 WARN  org.springframework.boot.autoconfigure.thymeleaf.ThymeleafAutoConfiguration$DefaultTemplateResolverConfiguration Line:104 - Cannot find template location: classpath:/templates/ (please add some templates or check your Thymeleaf configuration)
===2018-07-25 12:24:49.429 WARN  org.thymeleaf.templatemode.TemplateMode Line:150 - [THYMELEAF][restartedMain] Template Mode 'LEGACYHTML5' is deprecated. Using Template Mode 'HTML' instead.
===2018-07-25 12:44:13.683 WARN  org.mybatis.spring.mapper.ClassPathMapperScanner Line:166 - No MyBatis mapper was found in '[com.ect.dao]' package. Please check your configuration.
===2018-07-25 12:44:18.413 WARN  org.springframework.boot.autoconfigure.thymeleaf.ThymeleafAutoConfiguration$DefaultTemplateResolverConfiguration Line:104 - Cannot find template location: classpath:/templates/ (please add some templates or check your Thymeleaf configuration)
===2018-07-25 12:44:18.420 WARN  org.thymeleaf.templatemode.TemplateMode Line:150 - [THYMELEAF][restartedMain] Template Mode 'LEGACYHTML5' is deprecated. Using Template Mode 'HTML' instead.
===2018-07-25 12:50:38.826 WARN  org.mybatis.spring.mapper.ClassPathMapperScanner Line:166 - No MyBatis mapper was found in '[com.ect.dao]' package. Please check your configuration.
===2018-07-25 12:50:44.529 WARN  org.springframework.boot.autoconfigure.thymeleaf.ThymeleafAutoConfiguration$DefaultTemplateResolverConfiguration Line:104 - Cannot find template location: classpath:/templates/ (please add some templates or check your Thymeleaf configuration)
===2018-07-25 12:50:44.535 WARN  org.thymeleaf.templatemode.TemplateMode Line:150 - [THYMELEAF][restartedMain] Template Mode 'LEGACYHTML5' is deprecated. Using Template Mode 'HTML' instead.
===2018-07-25 12:51:09.535 WARN  org.springframework.web.servlet.mvc.method.annotation.ExceptionHandlerExceptionResolver Line:192 - Resolved exception caused by Handler execution: java.lang.reflect.UndeclaredThrowableException
===2018-07-25 12:55:11.717 WARN  org.mybatis.spring.mapper.ClassPathMapperScanner Line:166 - No MyBatis mapper was found in '[com.ect.dao]' package. Please check your configuration.
===2018-07-25 12:55:17.247 WARN  org.springframework.boot.autoconfigure.thymeleaf.ThymeleafAutoConfiguration$DefaultTemplateResolverConfiguration Line:104 - Cannot find template location: classpath:/templates/ (please add some templates or check your Thymeleaf configuration)
===2018-07-25 12:55:17.254 WARN  org.thymeleaf.templatemode.TemplateMode Line:150 - [THYMELEAF][restartedMain] Template Mode 'LEGACYHTML5' is deprecated. Using Template Mode 'HTML' instead.
===2018-07-25 12:56:40.901 WARN  org.mybatis.spring.mapper.ClassPathMapperScanner Line:166 - No MyBatis mapper was found in '[com.ect.dao]' package. Please check your configuration.
===2018-07-25 12:56:46.509 WARN  org.springframework.boot.autoconfigure.thymeleaf.ThymeleafAutoConfiguration$DefaultTemplateResolverConfiguration Line:104 - Cannot find template location: classpath:/templates/ (please add some templates or check your Thymeleaf configuration)
===2018-07-25 12:56:46.515 WARN  org.thymeleaf.templatemode.TemplateMode Line:150 - [THYMELEAF][restartedMain] Template Mode 'LEGACYHTML5' is deprecated. Using Template Mode 'HTML' instead.
